
*** Running vivado
    with args -log top.vds -m64 -product Vivado -mode batch -messageDb vivado.pb -notrace -source top.tcl


****** Vivado v2019.1 (64-bit)
  **** SW Build 2552052 on Fri May 24 14:49:42 MDT 2019
  **** IP Build 2548770 on Fri May 24 18:01:18 MDT 2019
    ** Copyright 1986-2019 Xilinx, Inc. All Rights Reserved.

source top.tcl -notrace
Command: synth_design -top top -part xc7a100tcsg324-1
Starting synth_design
Attempting to get a license for feature 'Synthesis' and/or device 'xc7a100t'
INFO: [Common 17-349] Got license for feature 'Synthesis' and/or device 'xc7a100t'
INFO: [Device 21-403] Loading part xc7a100tcsg324-1
INFO: Launching helper process for spawning children vivado processes
INFO: Helper process launched with PID 10164 
---------------------------------------------------------------------------------
Starting RTL Elaboration : Time (s): cpu = 00:00:04 ; elapsed = 00:00:05 . Memory (MB): peak = 820.211 ; gain = 178.359
---------------------------------------------------------------------------------
INFO: [Synth 8-6157] synthesizing module 'top' [C:/Users/liqilin/.Xilinx/school/lab_3/lab_3.srcs/sources_1/new/top.v:23]
INFO: [Synth 8-6157] synthesizing module 'mips' [C:/Users/liqilin/.Xilinx/school/lab_3/lab_3.srcs/sources_1/new/mips.v:23]
INFO: [Synth 8-6157] synthesizing module 'controller' [C:/Users/liqilin/.Xilinx/school/lab_3/lab_3.srcs/sources_1/new/controller.v:1]
INFO: [Synth 8-6157] synthesizing module 'main_decoder' [C:/Users/liqilin/.Xilinx/school/lab_3/lab_3.srcs/sources_1/new/main_decoder.v:1]
INFO: [Synth 8-6155] done synthesizing module 'main_decoder' (1#1) [C:/Users/liqilin/.Xilinx/school/lab_3/lab_3.srcs/sources_1/new/main_decoder.v:1]
INFO: [Synth 8-6157] synthesizing module 'alu_decoder' [C:/Users/liqilin/.Xilinx/school/lab_3/lab_3.srcs/sources_1/new/alu_decoder.v:1]
INFO: [Synth 8-6155] done synthesizing module 'alu_decoder' (2#1) [C:/Users/liqilin/.Xilinx/school/lab_3/lab_3.srcs/sources_1/new/alu_decoder.v:1]
INFO: [Synth 8-6155] done synthesizing module 'controller' (3#1) [C:/Users/liqilin/.Xilinx/school/lab_3/lab_3.srcs/sources_1/new/controller.v:1]
INFO: [Synth 8-6157] synthesizing module 'datapath' [C:/Users/liqilin/.Xilinx/school/lab_3/lab_3.srcs/sources_1/new/datapath.v:2]
INFO: [Synth 8-6157] synthesizing module 'mux2' [C:/Users/liqilin/.Xilinx/school/lab_3/lab_3.srcs/sources_1/new/mux2.v:1]
	Parameter WIDTH bound to: 32 - type: integer 
INFO: [Synth 8-6155] done synthesizing module 'mux2' (4#1) [C:/Users/liqilin/.Xilinx/school/lab_3/lab_3.srcs/sources_1/new/mux2.v:1]
INFO: [Synth 8-6157] synthesizing module 'sl2' [C:/Users/liqilin/.Xilinx/school/lab_3/lab_3.srcs/sources_1/new/sl2.v:23]
INFO: [Synth 8-6155] done synthesizing module 'sl2' (5#1) [C:/Users/liqilin/.Xilinx/school/lab_3/lab_3.srcs/sources_1/new/sl2.v:23]
WARNING: [Synth 8-689] width (28) of port connection 'b' does not match port width (32) of module 'sl2' [C:/Users/liqilin/.Xilinx/school/lab_3/lab_3.srcs/sources_1/new/datapath.v:40]
INFO: [Synth 8-6157] synthesizing module 'pc' [C:/Users/liqilin/.Xilinx/school/lab_3/lab_3.srcs/sources_1/new/pc.v:1]
INFO: [Synth 8-6155] done synthesizing module 'pc' (6#1) [C:/Users/liqilin/.Xilinx/school/lab_3/lab_3.srcs/sources_1/new/pc.v:1]
INFO: [Synth 8-6157] synthesizing module 'adder' [C:/Users/liqilin/.Xilinx/school/lab_3/lab_3.srcs/sources_1/new/adder.v:23]
INFO: [Synth 8-6155] done synthesizing module 'adder' (7#1) [C:/Users/liqilin/.Xilinx/school/lab_3/lab_3.srcs/sources_1/new/adder.v:23]
INFO: [Synth 8-6157] synthesizing module 'sign_extend' [C:/Users/liqilin/.Xilinx/school/lab_3/lab_3.srcs/sources_1/new/sign_extend.v:22]
INFO: [Synth 8-6155] done synthesizing module 'sign_extend' (8#1) [C:/Users/liqilin/.Xilinx/school/lab_3/lab_3.srcs/sources_1/new/sign_extend.v:22]
INFO: [Synth 8-6157] synthesizing module 'mux2__parameterized0' [C:/Users/liqilin/.Xilinx/school/lab_3/lab_3.srcs/sources_1/new/mux2.v:1]
	Parameter WIDTH bound to: 5 - type: integer 
INFO: [Synth 8-6155] done synthesizing module 'mux2__parameterized0' (8#1) [C:/Users/liqilin/.Xilinx/school/lab_3/lab_3.srcs/sources_1/new/mux2.v:1]
INFO: [Synth 8-6157] synthesizing module 'regfiles' [C:/Users/liqilin/.Xilinx/school/lab_3/lab_3.srcs/sources_1/new/regfiles.v:23]
WARNING: [Synth 8-311] ignoring non-constant assignment in initial block [C:/Users/liqilin/.Xilinx/school/lab_3/lab_3.srcs/sources_1/new/regfiles.v:37]
WARNING: [Synth 8-311] ignoring non-constant assignment in initial block [C:/Users/liqilin/.Xilinx/school/lab_3/lab_3.srcs/sources_1/new/regfiles.v:37]
WARNING: [Synth 8-311] ignoring non-constant assignment in initial block [C:/Users/liqilin/.Xilinx/school/lab_3/lab_3.srcs/sources_1/new/regfiles.v:37]
WARNING: [Synth 8-311] ignoring non-constant assignment in initial block [C:/Users/liqilin/.Xilinx/school/lab_3/lab_3.srcs/sources_1/new/regfiles.v:37]
WARNING: [Synth 8-311] ignoring non-constant assignment in initial block [C:/Users/liqilin/.Xilinx/school/lab_3/lab_3.srcs/sources_1/new/regfiles.v:37]
WARNING: [Synth 8-311] ignoring non-constant assignment in initial block [C:/Users/liqilin/.Xilinx/school/lab_3/lab_3.srcs/sources_1/new/regfiles.v:37]
WARNING: [Synth 8-311] ignoring non-constant assignment in initial block [C:/Users/liqilin/.Xilinx/school/lab_3/lab_3.srcs/sources_1/new/regfiles.v:37]
WARNING: [Synth 8-311] ignoring non-constant assignment in initial block [C:/Users/liqilin/.Xilinx/school/lab_3/lab_3.srcs/sources_1/new/regfiles.v:37]
WARNING: [Synth 8-311] ignoring non-constant assignment in initial block [C:/Users/liqilin/.Xilinx/school/lab_3/lab_3.srcs/sources_1/new/regfiles.v:37]
WARNING: [Synth 8-311] ignoring non-constant assignment in initial block [C:/Users/liqilin/.Xilinx/school/lab_3/lab_3.srcs/sources_1/new/regfiles.v:37]
WARNING: [Synth 8-311] ignoring non-constant assignment in initial block [C:/Users/liqilin/.Xilinx/school/lab_3/lab_3.srcs/sources_1/new/regfiles.v:37]
WARNING: [Synth 8-311] ignoring non-constant assignment in initial block [C:/Users/liqilin/.Xilinx/school/lab_3/lab_3.srcs/sources_1/new/regfiles.v:37]
WARNING: [Synth 8-311] ignoring non-constant assignment in initial block [C:/Users/liqilin/.Xilinx/school/lab_3/lab_3.srcs/sources_1/new/regfiles.v:37]
WARNING: [Synth 8-311] ignoring non-constant assignment in initial block [C:/Users/liqilin/.Xilinx/school/lab_3/lab_3.srcs/sources_1/new/regfiles.v:37]
WARNING: [Synth 8-311] ignoring non-constant assignment in initial block [C:/Users/liqilin/.Xilinx/school/lab_3/lab_3.srcs/sources_1/new/regfiles.v:37]
WARNING: [Synth 8-311] ignoring non-constant assignment in initial block [C:/Users/liqilin/.Xilinx/school/lab_3/lab_3.srcs/sources_1/new/regfiles.v:37]
WARNING: [Synth 8-311] ignoring non-constant assignment in initial block [C:/Users/liqilin/.Xilinx/school/lab_3/lab_3.srcs/sources_1/new/regfiles.v:37]
WARNING: [Synth 8-311] ignoring non-constant assignment in initial block [C:/Users/liqilin/.Xilinx/school/lab_3/lab_3.srcs/sources_1/new/regfiles.v:37]
WARNING: [Synth 8-311] ignoring non-constant assignment in initial block [C:/Users/liqilin/.Xilinx/school/lab_3/lab_3.srcs/sources_1/new/regfiles.v:37]
WARNING: [Synth 8-311] ignoring non-constant assignment in initial block [C:/Users/liqilin/.Xilinx/school/lab_3/lab_3.srcs/sources_1/new/regfiles.v:37]
WARNING: [Synth 8-311] ignoring non-constant assignment in initial block [C:/Users/liqilin/.Xilinx/school/lab_3/lab_3.srcs/sources_1/new/regfiles.v:37]
WARNING: [Synth 8-311] ignoring non-constant assignment in initial block [C:/Users/liqilin/.Xilinx/school/lab_3/lab_3.srcs/sources_1/new/regfiles.v:37]
WARNING: [Synth 8-311] ignoring non-constant assignment in initial block [C:/Users/liqilin/.Xilinx/school/lab_3/lab_3.srcs/sources_1/new/regfiles.v:37]
WARNING: [Synth 8-311] ignoring non-constant assignment in initial block [C:/Users/liqilin/.Xilinx/school/lab_3/lab_3.srcs/sources_1/new/regfiles.v:37]
WARNING: [Synth 8-311] ignoring non-constant assignment in initial block [C:/Users/liqilin/.Xilinx/school/lab_3/lab_3.srcs/sources_1/new/regfiles.v:37]
WARNING: [Synth 8-311] ignoring non-constant assignment in initial block [C:/Users/liqilin/.Xilinx/school/lab_3/lab_3.srcs/sources_1/new/regfiles.v:37]
WARNING: [Synth 8-311] ignoring non-constant assignment in initial block [C:/Users/liqilin/.Xilinx/school/lab_3/lab_3.srcs/sources_1/new/regfiles.v:37]
WARNING: [Synth 8-311] ignoring non-constant assignment in initial block [C:/Users/liqilin/.Xilinx/school/lab_3/lab_3.srcs/sources_1/new/regfiles.v:37]
WARNING: [Synth 8-311] ignoring non-constant assignment in initial block [C:/Users/liqilin/.Xilinx/school/lab_3/lab_3.srcs/sources_1/new/regfiles.v:37]
WARNING: [Synth 8-311] ignoring non-constant assignment in initial block [C:/Users/liqilin/.Xilinx/school/lab_3/lab_3.srcs/sources_1/new/regfiles.v:37]
WARNING: [Synth 8-311] ignoring non-constant assignment in initial block [C:/Users/liqilin/.Xilinx/school/lab_3/lab_3.srcs/sources_1/new/regfiles.v:37]
WARNING: [Synth 8-311] ignoring non-constant assignment in initial block [C:/Users/liqilin/.Xilinx/school/lab_3/lab_3.srcs/sources_1/new/regfiles.v:37]
WARNING: [Synth 8-311] ignoring non-constant assignment in initial block [C:/Users/liqilin/.Xilinx/school/lab_3/lab_3.srcs/sources_1/new/regfiles.v:37]
WARNING: [Synth 8-311] ignoring non-constant assignment in initial block [C:/Users/liqilin/.Xilinx/school/lab_3/lab_3.srcs/sources_1/new/regfiles.v:37]
WARNING: [Synth 8-311] ignoring non-constant assignment in initial block [C:/Users/liqilin/.Xilinx/school/lab_3/lab_3.srcs/sources_1/new/regfiles.v:37]
WARNING: [Synth 8-311] ignoring non-constant assignment in initial block [C:/Users/liqilin/.Xilinx/school/lab_3/lab_3.srcs/sources_1/new/regfiles.v:37]
WARNING: [Synth 8-311] ignoring non-constant assignment in initial block [C:/Users/liqilin/.Xilinx/school/lab_3/lab_3.srcs/sources_1/new/regfiles.v:37]
WARNING: [Synth 8-311] ignoring non-constant assignment in initial block [C:/Users/liqilin/.Xilinx/school/lab_3/lab_3.srcs/sources_1/new/regfiles.v:37]
WARNING: [Synth 8-311] ignoring non-constant assignment in initial block [C:/Users/liqilin/.Xilinx/school/lab_3/lab_3.srcs/sources_1/new/regfiles.v:37]
WARNING: [Synth 8-311] ignoring non-constant assignment in initial block [C:/Users/liqilin/.Xilinx/school/lab_3/lab_3.srcs/sources_1/new/regfiles.v:37]
WARNING: [Synth 8-311] ignoring non-constant assignment in initial block [C:/Users/liqilin/.Xilinx/school/lab_3/lab_3.srcs/sources_1/new/regfiles.v:37]
WARNING: [Synth 8-311] ignoring non-constant assignment in initial block [C:/Users/liqilin/.Xilinx/school/lab_3/lab_3.srcs/sources_1/new/regfiles.v:37]
WARNING: [Synth 8-311] ignoring non-constant assignment in initial block [C:/Users/liqilin/.Xilinx/school/lab_3/lab_3.srcs/sources_1/new/regfiles.v:37]
WARNING: [Synth 8-311] ignoring non-constant assignment in initial block [C:/Users/liqilin/.Xilinx/school/lab_3/lab_3.srcs/sources_1/new/regfiles.v:37]
WARNING: [Synth 8-311] ignoring non-constant assignment in initial block [C:/Users/liqilin/.Xilinx/school/lab_3/lab_3.srcs/sources_1/new/regfiles.v:37]
WARNING: [Synth 8-311] ignoring non-constant assignment in initial block [C:/Users/liqilin/.Xilinx/school/lab_3/lab_3.srcs/sources_1/new/regfiles.v:37]
WARNING: [Synth 8-311] ignoring non-constant assignment in initial block [C:/Users/liqilin/.Xilinx/school/lab_3/lab_3.srcs/sources_1/new/regfiles.v:37]
WARNING: [Synth 8-311] ignoring non-constant assignment in initial block [C:/Users/liqilin/.Xilinx/school/lab_3/lab_3.srcs/sources_1/new/regfiles.v:37]
WARNING: [Synth 8-311] ignoring non-constant assignment in initial block [C:/Users/liqilin/.Xilinx/school/lab_3/lab_3.srcs/sources_1/new/regfiles.v:37]
WARNING: [Synth 8-311] ignoring non-constant assignment in initial block [C:/Users/liqilin/.Xilinx/school/lab_3/lab_3.srcs/sources_1/new/regfiles.v:37]
WARNING: [Synth 8-311] ignoring non-constant assignment in initial block [C:/Users/liqilin/.Xilinx/school/lab_3/lab_3.srcs/sources_1/new/regfiles.v:37]
WARNING: [Synth 8-311] ignoring non-constant assignment in initial block [C:/Users/liqilin/.Xilinx/school/lab_3/lab_3.srcs/sources_1/new/regfiles.v:37]
WARNING: [Synth 8-311] ignoring non-constant assignment in initial block [C:/Users/liqilin/.Xilinx/school/lab_3/lab_3.srcs/sources_1/new/regfiles.v:37]
WARNING: [Synth 8-311] ignoring non-constant assignment in initial block [C:/Users/liqilin/.Xilinx/school/lab_3/lab_3.srcs/sources_1/new/regfiles.v:37]
WARNING: [Synth 8-311] ignoring non-constant assignment in initial block [C:/Users/liqilin/.Xilinx/school/lab_3/lab_3.srcs/sources_1/new/regfiles.v:37]
WARNING: [Synth 8-311] ignoring non-constant assignment in initial block [C:/Users/liqilin/.Xilinx/school/lab_3/lab_3.srcs/sources_1/new/regfiles.v:37]
WARNING: [Synth 8-311] ignoring non-constant assignment in initial block [C:/Users/liqilin/.Xilinx/school/lab_3/lab_3.srcs/sources_1/new/regfiles.v:37]
WARNING: [Synth 8-311] ignoring non-constant assignment in initial block [C:/Users/liqilin/.Xilinx/school/lab_3/lab_3.srcs/sources_1/new/regfiles.v:37]
WARNING: [Synth 8-311] ignoring non-constant assignment in initial block [C:/Users/liqilin/.Xilinx/school/lab_3/lab_3.srcs/sources_1/new/regfiles.v:37]
WARNING: [Synth 8-311] ignoring non-constant assignment in initial block [C:/Users/liqilin/.Xilinx/school/lab_3/lab_3.srcs/sources_1/new/regfiles.v:37]
WARNING: [Synth 8-311] ignoring non-constant assignment in initial block [C:/Users/liqilin/.Xilinx/school/lab_3/lab_3.srcs/sources_1/new/regfiles.v:37]
WARNING: [Synth 8-311] ignoring non-constant assignment in initial block [C:/Users/liqilin/.Xilinx/school/lab_3/lab_3.srcs/sources_1/new/regfiles.v:37]
WARNING: [Synth 8-311] ignoring non-constant assignment in initial block [C:/Users/liqilin/.Xilinx/school/lab_3/lab_3.srcs/sources_1/new/regfiles.v:37]
WARNING: [Synth 8-311] ignoring non-constant assignment in initial block [C:/Users/liqilin/.Xilinx/school/lab_3/lab_3.srcs/sources_1/new/regfiles.v:37]
WARNING: [Synth 8-311] ignoring non-constant assignment in initial block [C:/Users/liqilin/.Xilinx/school/lab_3/lab_3.srcs/sources_1/new/regfiles.v:37]
WARNING: [Synth 8-311] ignoring non-constant assignment in initial block [C:/Users/liqilin/.Xilinx/school/lab_3/lab_3.srcs/sources_1/new/regfiles.v:37]
WARNING: [Synth 8-311] ignoring non-constant assignment in initial block [C:/Users/liqilin/.Xilinx/school/lab_3/lab_3.srcs/sources_1/new/regfiles.v:37]
WARNING: [Synth 8-311] ignoring non-constant assignment in initial block [C:/Users/liqilin/.Xilinx/school/lab_3/lab_3.srcs/sources_1/new/regfiles.v:37]
WARNING: [Synth 8-311] ignoring non-constant assignment in initial block [C:/Users/liqilin/.Xilinx/school/lab_3/lab_3.srcs/sources_1/new/regfiles.v:37]
WARNING: [Synth 8-311] ignoring non-constant assignment in initial block [C:/Users/liqilin/.Xilinx/school/lab_3/lab_3.srcs/sources_1/new/regfiles.v:37]
WARNING: [Synth 8-311] ignoring non-constant assignment in initial block [C:/Users/liqilin/.Xilinx/school/lab_3/lab_3.srcs/sources_1/new/regfiles.v:37]
WARNING: [Synth 8-311] ignoring non-constant assignment in initial block [C:/Users/liqilin/.Xilinx/school/lab_3/lab_3.srcs/sources_1/new/regfiles.v:37]
WARNING: [Synth 8-311] ignoring non-constant assignment in initial block [C:/Users/liqilin/.Xilinx/school/lab_3/lab_3.srcs/sources_1/new/regfiles.v:37]
WARNING: [Synth 8-311] ignoring non-constant assignment in initial block [C:/Users/liqilin/.Xilinx/school/lab_3/lab_3.srcs/sources_1/new/regfiles.v:37]
WARNING: [Synth 8-311] ignoring non-constant assignment in initial block [C:/Users/liqilin/.Xilinx/school/lab_3/lab_3.srcs/sources_1/new/regfiles.v:37]
WARNING: [Synth 8-311] ignoring non-constant assignment in initial block [C:/Users/liqilin/.Xilinx/school/lab_3/lab_3.srcs/sources_1/new/regfiles.v:37]
WARNING: [Synth 8-311] ignoring non-constant assignment in initial block [C:/Users/liqilin/.Xilinx/school/lab_3/lab_3.srcs/sources_1/new/regfiles.v:37]
WARNING: [Synth 8-311] ignoring non-constant assignment in initial block [C:/Users/liqilin/.Xilinx/school/lab_3/lab_3.srcs/sources_1/new/regfiles.v:37]
WARNING: [Synth 8-311] ignoring non-constant assignment in initial block [C:/Users/liqilin/.Xilinx/school/lab_3/lab_3.srcs/sources_1/new/regfiles.v:37]
WARNING: [Synth 8-311] ignoring non-constant assignment in initial block [C:/Users/liqilin/.Xilinx/school/lab_3/lab_3.srcs/sources_1/new/regfiles.v:37]
WARNING: [Synth 8-311] ignoring non-constant assignment in initial block [C:/Users/liqilin/.Xilinx/school/lab_3/lab_3.srcs/sources_1/new/regfiles.v:37]
WARNING: [Synth 8-311] ignoring non-constant assignment in initial block [C:/Users/liqilin/.Xilinx/school/lab_3/lab_3.srcs/sources_1/new/regfiles.v:37]
WARNING: [Synth 8-311] ignoring non-constant assignment in initial block [C:/Users/liqilin/.Xilinx/school/lab_3/lab_3.srcs/sources_1/new/regfiles.v:37]
WARNING: [Synth 8-311] ignoring non-constant assignment in initial block [C:/Users/liqilin/.Xilinx/school/lab_3/lab_3.srcs/sources_1/new/regfiles.v:37]
WARNING: [Synth 8-311] ignoring non-constant assignment in initial block [C:/Users/liqilin/.Xilinx/school/lab_3/lab_3.srcs/sources_1/new/regfiles.v:37]
WARNING: [Synth 8-311] ignoring non-constant assignment in initial block [C:/Users/liqilin/.Xilinx/school/lab_3/lab_3.srcs/sources_1/new/regfiles.v:37]
WARNING: [Synth 8-311] ignoring non-constant assignment in initial block [C:/Users/liqilin/.Xilinx/school/lab_3/lab_3.srcs/sources_1/new/regfiles.v:37]
WARNING: [Synth 8-311] ignoring non-constant assignment in initial block [C:/Users/liqilin/.Xilinx/school/lab_3/lab_3.srcs/sources_1/new/regfiles.v:37]
WARNING: [Synth 8-311] ignoring non-constant assignment in initial block [C:/Users/liqilin/.Xilinx/school/lab_3/lab_3.srcs/sources_1/new/regfiles.v:37]
WARNING: [Synth 8-311] ignoring non-constant assignment in initial block [C:/Users/liqilin/.Xilinx/school/lab_3/lab_3.srcs/sources_1/new/regfiles.v:37]
WARNING: [Synth 8-311] ignoring non-constant assignment in initial block [C:/Users/liqilin/.Xilinx/school/lab_3/lab_3.srcs/sources_1/new/regfiles.v:37]
WARNING: [Synth 8-311] ignoring non-constant assignment in initial block [C:/Users/liqilin/.Xilinx/school/lab_3/lab_3.srcs/sources_1/new/regfiles.v:37]
WARNING: [Synth 8-311] ignoring non-constant assignment in initial block [C:/Users/liqilin/.Xilinx/school/lab_3/lab_3.srcs/sources_1/new/regfiles.v:37]
WARNING: [Synth 8-311] ignoring non-constant assignment in initial block [C:/Users/liqilin/.Xilinx/school/lab_3/lab_3.srcs/sources_1/new/regfiles.v:37]
WARNING: [Synth 8-311] ignoring non-constant assignment in initial block [C:/Users/liqilin/.Xilinx/school/lab_3/lab_3.srcs/sources_1/new/regfiles.v:37]
WARNING: [Synth 8-311] ignoring non-constant assignment in initial block [C:/Users/liqilin/.Xilinx/school/lab_3/lab_3.srcs/sources_1/new/regfiles.v:37]
WARNING: [Synth 8-311] ignoring non-constant assignment in initial block [C:/Users/liqilin/.Xilinx/school/lab_3/lab_3.srcs/sources_1/new/regfiles.v:37]
WARNING: [Synth 8-311] ignoring non-constant assignment in initial block [C:/Users/liqilin/.Xilinx/school/lab_3/lab_3.srcs/sources_1/new/regfiles.v:37]
WARNING: [Synth 8-311] ignoring non-constant assignment in initial block [C:/Users/liqilin/.Xilinx/school/lab_3/lab_3.srcs/sources_1/new/regfiles.v:37]
WARNING: [Synth 8-311] ignoring non-constant assignment in initial block [C:/Users/liqilin/.Xilinx/school/lab_3/lab_3.srcs/sources_1/new/regfiles.v:37]
INFO: [Common 17-14] Message 'Synth 8-311' appears 100 times and further instances of the messages will be disabled. Use the Tcl command set_msg_config to change the current settings.
INFO: [Synth 8-6155] done synthesizing module 'regfiles' (9#1) [C:/Users/liqilin/.Xilinx/school/lab_3/lab_3.srcs/sources_1/new/regfiles.v:23]
INFO: [Synth 8-6157] synthesizing module 'alu' [C:/Users/liqilin/.Xilinx/school/lab_3/lab_3.srcs/sources_1/new/alu.v:23]
INFO: [Synth 8-226] default block is never used [C:/Users/liqilin/.Xilinx/school/lab_3/lab_3.srcs/sources_1/new/alu.v:35]
INFO: [Synth 8-6155] done synthesizing module 'alu' (10#1) [C:/Users/liqilin/.Xilinx/school/lab_3/lab_3.srcs/sources_1/new/alu.v:23]
INFO: [Synth 8-6155] done synthesizing module 'datapath' (11#1) [C:/Users/liqilin/.Xilinx/school/lab_3/lab_3.srcs/sources_1/new/datapath.v:2]
INFO: [Synth 8-6155] done synthesizing module 'mips' (12#1) [C:/Users/liqilin/.Xilinx/school/lab_3/lab_3.srcs/sources_1/new/mips.v:23]
INFO: [Synth 8-6157] synthesizing module 'inst_ram' [C:/Users/liqilin/.Xilinx/school/lab_3/lab_3.runs/synth_1/.Xil/Vivado-4436-2AC7/realtime/inst_ram_stub.v:6]
INFO: [Synth 8-6155] done synthesizing module 'inst_ram' (13#1) [C:/Users/liqilin/.Xilinx/school/lab_3/lab_3.runs/synth_1/.Xil/Vivado-4436-2AC7/realtime/inst_ram_stub.v:6]
INFO: [Synth 8-6157] synthesizing module 'data_ram' [C:/Users/liqilin/.Xilinx/school/lab_3/lab_3.runs/synth_1/.Xil/Vivado-4436-2AC7/realtime/data_ram_stub.v:6]
INFO: [Synth 8-6155] done synthesizing module 'data_ram' (14#1) [C:/Users/liqilin/.Xilinx/school/lab_3/lab_3.runs/synth_1/.Xil/Vivado-4436-2AC7/realtime/data_ram_stub.v:6]
INFO: [Synth 8-6155] done synthesizing module 'top' (15#1) [C:/Users/liqilin/.Xilinx/school/lab_3/lab_3.srcs/sources_1/new/top.v:23]
WARNING: [Synth 8-3331] design sl2 has unconnected port a[31]
WARNING: [Synth 8-3331] design sl2 has unconnected port a[30]
WARNING: [Synth 8-3331] design datapath has unconnected port instr[31]
WARNING: [Synth 8-3331] design datapath has unconnected port instr[30]
WARNING: [Synth 8-3331] design datapath has unconnected port instr[29]
WARNING: [Synth 8-3331] design datapath has unconnected port instr[28]
WARNING: [Synth 8-3331] design datapath has unconnected port instr[27]
WARNING: [Synth 8-3331] design datapath has unconnected port instr[26]
---------------------------------------------------------------------------------
Finished RTL Elaboration : Time (s): cpu = 00:00:05 ; elapsed = 00:00:07 . Memory (MB): peak = 886.250 ; gain = 244.398
---------------------------------------------------------------------------------

Report Check Netlist: 
+------+------------------+-------+---------+-------+------------------+
|      |Item              |Errors |Warnings |Status |Description       |
+------+------------------+-------+---------+-------+------------------+
|1     |multi_driven_nets |      0|        0|Passed |Multi driven nets |
+------+------------------+-------+---------+-------+------------------+
---------------------------------------------------------------------------------
Start Handling Custom Attributes
---------------------------------------------------------------------------------
---------------------------------------------------------------------------------
Finished Handling Custom Attributes : Time (s): cpu = 00:00:06 ; elapsed = 00:00:08 . Memory (MB): peak = 886.250 ; gain = 244.398
---------------------------------------------------------------------------------
---------------------------------------------------------------------------------
Finished RTL Optimization Phase 1 : Time (s): cpu = 00:00:06 ; elapsed = 00:00:08 . Memory (MB): peak = 886.250 ; gain = 244.398
---------------------------------------------------------------------------------
INFO: [Project 1-570] Preparing netlist for logic optimization

Processing XDC Constraints
Initializing timing engine
Parsing XDC File [c:/Users/liqilin/.Xilinx/school/lab_3/lab_3.srcs/sources_1/ip/inst_ram/inst_ram/inst_ram_in_context.xdc] for cell 'ir'
Finished Parsing XDC File [c:/Users/liqilin/.Xilinx/school/lab_3/lab_3.srcs/sources_1/ip/inst_ram/inst_ram/inst_ram_in_context.xdc] for cell 'ir'
Parsing XDC File [c:/Users/liqilin/.Xilinx/school/lab_3/lab_3.srcs/sources_1/ip/data_ram/data_ram/data_ram_in_context.xdc] for cell 'dr'
Finished Parsing XDC File [c:/Users/liqilin/.Xilinx/school/lab_3/lab_3.srcs/sources_1/ip/data_ram/data_ram/data_ram_in_context.xdc] for cell 'dr'
Parsing XDC File [C:/Users/liqilin/.Xilinx/school/lab_3/lab_3.runs/synth_1/dont_touch.xdc]
Finished Parsing XDC File [C:/Users/liqilin/.Xilinx/school/lab_3/lab_3.runs/synth_1/dont_touch.xdc]
Completed Processing XDC Constraints

Netlist sorting complete. Time (s): cpu = 00:00:00 ; elapsed = 00:00:00 . Memory (MB): peak = 980.211 ; gain = 0.000
INFO: [Project 1-111] Unisim Transformation Summary:
No Unisim elements were transformed.

Constraint Validation Runtime : Time (s): cpu = 00:00:00 ; elapsed = 00:00:00.056 . Memory (MB): peak = 980.211 ; gain = 0.000
---------------------------------------------------------------------------------
Finished Constraint Validation : Time (s): cpu = 00:00:11 ; elapsed = 00:00:15 . Memory (MB): peak = 980.211 ; gain = 338.359
---------------------------------------------------------------------------------
---------------------------------------------------------------------------------
Start Loading Part and Timing Information
---------------------------------------------------------------------------------
Loading part: xc7a100tcsg324-1
---------------------------------------------------------------------------------
Finished Loading Part and Timing Information : Time (s): cpu = 00:00:11 ; elapsed = 00:00:15 . Memory (MB): peak = 980.211 ; gain = 338.359
---------------------------------------------------------------------------------
---------------------------------------------------------------------------------
Start Applying 'set_property' XDC Constraints
---------------------------------------------------------------------------------
Applied set_property DONT_TOUCH = true for ir. (constraint file  auto generated constraint, line ).
Applied set_property DONT_TOUCH = true for dr. (constraint file  auto generated constraint, line ).
---------------------------------------------------------------------------------
Finished applying 'set_property' XDC Constraints : Time (s): cpu = 00:00:11 ; elapsed = 00:00:15 . Memory (MB): peak = 980.211 ; gain = 338.359
---------------------------------------------------------------------------------
INFO: [Synth 8-5587] ROM size for "sign" is below threshold of ROM address width. It will be mapped to LUTs
INFO: [Synth 8-5546] ROM "alu_op_reg" won't be mapped to RAM because it is too sparse
INFO: [Synth 8-5587] ROM size for "alu_control_reg" is below threshold of ROM address width. It will be mapped to LUTs
---------------------------------------------------------------------------------
Finished RTL Optimization Phase 2 : Time (s): cpu = 00:00:11 ; elapsed = 00:00:15 . Memory (MB): peak = 980.211 ; gain = 338.359
---------------------------------------------------------------------------------

Report RTL Partitions: 
+-+--------------+------------+----------+
| |RTL Partition |Replication |Instances |
+-+--------------+------------+----------+
+-+--------------+------------+----------+
---------------------------------------------------------------------------------
Start RTL Component Statistics 
---------------------------------------------------------------------------------
Detailed RTL Component Info : 
+---Adders : 
	   2 Input     32 Bit       Adders := 2     
	   3 Input     32 Bit       Adders := 1     
+---Registers : 
	               32 Bit    Registers := 1     
+---Muxes : 
	   2 Input     32 Bit        Muxes := 8     
	   4 Input     32 Bit        Muxes := 1     
	   7 Input      7 Bit        Muxes := 1     
	   2 Input      5 Bit        Muxes := 1     
	   7 Input      3 Bit        Muxes := 1     
	   9 Input      3 Bit        Muxes := 1     
	   7 Input      2 Bit        Muxes := 1     
	   3 Input      1 Bit        Muxes := 1     
---------------------------------------------------------------------------------
Finished RTL Component Statistics 
---------------------------------------------------------------------------------
---------------------------------------------------------------------------------
Start RTL Hierarchical Component Statistics 
---------------------------------------------------------------------------------
Hierarchical RTL Component report 
Module main_decoder 
Detailed RTL Component Info : 
+---Muxes : 
	   7 Input      7 Bit        Muxes := 1     
	   7 Input      3 Bit        Muxes := 1     
	   7 Input      2 Bit        Muxes := 1     
Module alu_decoder 
Detailed RTL Component Info : 
+---Muxes : 
	   9 Input      3 Bit        Muxes := 1     
Module mux2 
Detailed RTL Component Info : 
+---Muxes : 
	   2 Input     32 Bit        Muxes := 1     
Module pc 
Detailed RTL Component Info : 
+---Registers : 
	               32 Bit    Registers := 1     
Module adder 
Detailed RTL Component Info : 
+---Adders : 
	   2 Input     32 Bit       Adders := 1     
Module mux2__parameterized0 
Detailed RTL Component Info : 
+---Muxes : 
	   2 Input      5 Bit        Muxes := 1     
Module regfiles 
Detailed RTL Component Info : 
+---Muxes : 
	   2 Input     32 Bit        Muxes := 2     
Module alu 
Detailed RTL Component Info : 
+---Adders : 
	   3 Input     32 Bit       Adders := 1     
+---Muxes : 
	   2 Input     32 Bit        Muxes := 2     
	   4 Input     32 Bit        Muxes := 1     
	   3 Input      1 Bit        Muxes := 1     
---------------------------------------------------------------------------------
Finished RTL Hierarchical Component Statistics
---------------------------------------------------------------------------------
---------------------------------------------------------------------------------
Start Part Resource Summary
---------------------------------------------------------------------------------
Part Resources:
DSPs: 240 (col length:80)
BRAMs: 270 (col length: RAMB18 80 RAMB36 40)
---------------------------------------------------------------------------------
Finished Part Resource Summary
---------------------------------------------------------------------------------
---------------------------------------------------------------------------------
Start Cross Boundary and Area Optimization
---------------------------------------------------------------------------------
Warning: Parallel synthesis criteria is not met 
INFO: [Synth 8-5587] ROM size for "mips/c/md/sign" is below threshold of ROM address width. It will be mapped to LUTs
---------------------------------------------------------------------------------
Finished Cross Boundary and Area Optimization : Time (s): cpu = 00:00:15 ; elapsed = 00:00:19 . Memory (MB): peak = 980.211 ; gain = 338.359
---------------------------------------------------------------------------------
---------------------------------------------------------------------------------
Start ROM, RAM, DSP and Shift Register Reporting
---------------------------------------------------------------------------------

Distributed RAM: Preliminary Mapping  Report (see note below)
+------------+-------------------------+-----------+----------------------+---------------+
|Module Name | RTL Object              | Inference | Size (Depth x Width) | Primitives    | 
+------------+-------------------------+-----------+----------------------+---------------+
|top         | mips/dp/regfiles/rf_reg | Implied   | 32 x 32              | RAM32M x 12   | 
+------------+-------------------------+-----------+----------------------+---------------+

Note: The table above is a preliminary report that shows the Distributed RAMs at the current stage of the synthesis flow. Some Distributed RAMs may be reimplemented as non Distributed RAM primitives later in the synthesis flow. Multiple instantiated RAMs are reported only once.
---------------------------------------------------------------------------------
Finished ROM, RAM, DSP and Shift Register Reporting
---------------------------------------------------------------------------------

Report RTL Partitions: 
+-+--------------+------------+----------+
| |RTL Partition |Replication |Instances |
+-+--------------+------------+----------+
+-+--------------+------------+----------+
---------------------------------------------------------------------------------
Start Applying XDC Timing Constraints
---------------------------------------------------------------------------------
---------------------------------------------------------------------------------
Finished Applying XDC Timing Constraints : Time (s): cpu = 00:00:23 ; elapsed = 00:00:27 . Memory (MB): peak = 980.379 ; gain = 338.527
---------------------------------------------------------------------------------
---------------------------------------------------------------------------------
Start Timing Optimization
---------------------------------------------------------------------------------
---------------------------------------------------------------------------------
Finished Timing Optimization : Time (s): cpu = 00:00:23 ; elapsed = 00:00:27 . Memory (MB): peak = 980.676 ; gain = 338.824
---------------------------------------------------------------------------------
---------------------------------------------------------------------------------
Start ROM, RAM, DSP and Shift Register Reporting
---------------------------------------------------------------------------------

Distributed RAM: Final Mapping  Report
+------------+-------------------------+-----------+----------------------+---------------+
|Module Name | RTL Object              | Inference | Size (Depth x Width) | Primitives    | 
+------------+-------------------------+-----------+----------------------+---------------+
|top         | mips/dp/regfiles/rf_reg | Implied   | 32 x 32              | RAM32M x 12   | 
+------------+-------------------------+-----------+----------------------+---------------+

---------------------------------------------------------------------------------
Finished ROM, RAM, DSP and Shift Register Reporting
---------------------------------------------------------------------------------

Report RTL Partitions: 
+-+--------------+------------+----------+
| |RTL Partition |Replication |Instances |
+-+--------------+------------+----------+
+-+--------------+------------+----------+
---------------------------------------------------------------------------------
Start Technology Mapping
---------------------------------------------------------------------------------
---------------------------------------------------------------------------------
Finished Technology Mapping : Time (s): cpu = 00:00:23 ; elapsed = 00:00:27 . Memory (MB): peak = 996.680 ; gain = 354.828
---------------------------------------------------------------------------------

Report RTL Partitions: 
+-+--------------+------------+----------+
| |RTL Partition |Replication |Instances |
+-+--------------+------------+----------+
+-+--------------+------------+----------+
---------------------------------------------------------------------------------
Start IO Insertion
---------------------------------------------------------------------------------
---------------------------------------------------------------------------------
Start Flattening Before IO Insertion
---------------------------------------------------------------------------------
---------------------------------------------------------------------------------
Finished Flattening Before IO Insertion
---------------------------------------------------------------------------------
---------------------------------------------------------------------------------
Start Final Netlist Cleanup
---------------------------------------------------------------------------------
---------------------------------------------------------------------------------
Finished Final Netlist Cleanup
---------------------------------------------------------------------------------
---------------------------------------------------------------------------------
Finished IO Insertion : Time (s): cpu = 00:00:25 ; elapsed = 00:00:29 . Memory (MB): peak = 1012.477 ; gain = 370.625
---------------------------------------------------------------------------------

Report Check Netlist: 
+------+------------------+-------+---------+-------+------------------+
|      |Item              |Errors |Warnings |Status |Description       |
+------+------------------+-------+---------+-------+------------------+
|1     |multi_driven_nets |      0|        0|Passed |Multi driven nets |
+------+------------------+-------+---------+-------+------------------+
---------------------------------------------------------------------------------
Start Renaming Generated Instances
---------------------------------------------------------------------------------
---------------------------------------------------------------------------------
Finished Renaming Generated Instances : Time (s): cpu = 00:00:25 ; elapsed = 00:00:29 . Memory (MB): peak = 1012.477 ; gain = 370.625
---------------------------------------------------------------------------------

Report RTL Partitions: 
+-+--------------+------------+----------+
| |RTL Partition |Replication |Instances |
+-+--------------+------------+----------+
+-+--------------+------------+----------+
---------------------------------------------------------------------------------
Start Rebuilding User Hierarchy
---------------------------------------------------------------------------------
---------------------------------------------------------------------------------
Finished Rebuilding User Hierarchy : Time (s): cpu = 00:00:25 ; elapsed = 00:00:29 . Memory (MB): peak = 1012.477 ; gain = 370.625
---------------------------------------------------------------------------------
---------------------------------------------------------------------------------
Start Renaming Generated Ports
---------------------------------------------------------------------------------
---------------------------------------------------------------------------------
Finished Renaming Generated Ports : Time (s): cpu = 00:00:25 ; elapsed = 00:00:29 . Memory (MB): peak = 1012.477 ; gain = 370.625
---------------------------------------------------------------------------------
---------------------------------------------------------------------------------
Start Handling Custom Attributes
---------------------------------------------------------------------------------
---------------------------------------------------------------------------------
Finished Handling Custom Attributes : Time (s): cpu = 00:00:25 ; elapsed = 00:00:29 . Memory (MB): peak = 1012.477 ; gain = 370.625
---------------------------------------------------------------------------------
---------------------------------------------------------------------------------
Start Renaming Generated Nets
---------------------------------------------------------------------------------
---------------------------------------------------------------------------------
Finished Renaming Generated Nets : Time (s): cpu = 00:00:25 ; elapsed = 00:00:29 . Memory (MB): peak = 1012.477 ; gain = 370.625
---------------------------------------------------------------------------------
---------------------------------------------------------------------------------
Start Writing Synthesis Report
---------------------------------------------------------------------------------

Report BlackBoxes: 
+------+--------------+----------+
|      |BlackBox name |Instances |
+------+--------------+----------+
|1     |inst_ram      |         1|
|2     |data_ram      |         1|
+------+--------------+----------+

Report Cell Usage: 
+------+---------+------+
|      |Cell     |Count |
+------+---------+------+
|1     |data_ram |     1|
|2     |inst_ram |     1|
|3     |BUFG     |     1|
|4     |CARRY4   |    12|
|5     |LUT1     |     2|
|6     |LUT2     |     2|
|7     |LUT3     |    46|
|8     |LUT4     |    21|
|9     |LUT5     |    22|
|10    |LUT6     |   146|
|11    |RAM32M   |    12|
|12    |FDCE     |     7|
|13    |IBUF     |     2|
|14    |OBUF     |    65|
+------+---------+------+

Report Instance Areas: 
+------+----------------------+---------+------+
|      |Instance              |Module   |Cells |
+------+----------------------+---------+------+
|1     |top                   |         |   402|
|2     |  mips                |mips     |   268|
|3     |    dp                |datapath |   268|
|4     |      alu             |alu      |    18|
|5     |      pc_branch_adder |adder    |    21|
|6     |      pcadder4        |adder_0  |     2|
|7     |      pctry           |pc       |     9|
|8     |      regfiles        |regfiles |   218|
+------+----------------------+---------+------+
---------------------------------------------------------------------------------
Finished Writing Synthesis Report : Time (s): cpu = 00:00:25 ; elapsed = 00:00:29 . Memory (MB): peak = 1012.477 ; gain = 370.625
---------------------------------------------------------------------------------
Synthesis finished with 0 errors, 0 critical warnings and 0 warnings.
Synthesis Optimization Runtime : Time (s): cpu = 00:00:17 ; elapsed = 00:00:27 . Memory (MB): peak = 1012.477 ; gain = 276.664
Synthesis Optimization Complete : Time (s): cpu = 00:00:25 ; elapsed = 00:00:30 . Memory (MB): peak = 1012.477 ; gain = 370.625
INFO: [Project 1-571] Translating synthesized netlist
INFO: [Netlist 29-17] Analyzing 24 Unisim elements for replacement
INFO: [Netlist 29-28] Unisim Transformation completed in 0 CPU seconds
INFO: [Project 1-570] Preparing netlist for logic optimization
INFO: [Opt 31-138] Pushed 0 inverter(s) to 0 load pin(s).
Netlist sorting complete. Time (s): cpu = 00:00:00 ; elapsed = 00:00:00.001 . Memory (MB): peak = 1028.004 ; gain = 0.000
INFO: [Project 1-111] Unisim Transformation Summary:
  A total of 12 instances were transformed.
  RAM32M => RAM32M (RAMD32, RAMD32, RAMD32, RAMD32, RAMD32, RAMD32, RAMS32, RAMS32): 12 instances

INFO: [Common 17-83] Releasing license: Synthesis
49 Infos, 109 Warnings, 0 Critical Warnings and 0 Errors encountered.
synth_design completed successfully
synth_design: Time (s): cpu = 00:00:33 ; elapsed = 00:00:39 . Memory (MB): peak = 1028.004 ; gain = 642.152
Netlist sorting complete. Time (s): cpu = 00:00:00 ; elapsed = 00:00:00.001 . Memory (MB): peak = 1028.004 ; gain = 0.000
WARNING: [Constraints 18-5210] No constraints selected for write.
Resolution: This message can indicate that there are no constraints for the design, or it can indicate that the used_in flags are set such that the constraints are ignored. This later case is used when running synth_design to not write synthesis constraints to the resulting checkpoint. Instead, project constraints are read when the synthesized design is opened.
INFO: [Common 17-1381] The checkpoint 'C:/Users/liqilin/.Xilinx/school/lab_3/lab_3.runs/synth_1/top.dcp' has been generated.
INFO: [runtcl-4] Executing : report_utilization -file top_utilization_synth.rpt -pb top_utilization_synth.pb
INFO: [Common 17-206] Exiting Vivado at Fri Jun  5 08:27:13 2020...
